0 info it worked if it ends with ok
1 verbose cli [ '/usr/local/bin/node',
1 verbose cli   '/usr/local/bin/npm',
1 verbose cli   'version',
1 verbose cli   'patch',
1 verbose cli   '-m',
1 verbose cli   'Update table' ]
2 info using npm@3.10.5
3 info using node@v5.4.1
4 info git [ 'status', '--porcelain' ]
5 verbose stack Error: Git working directory not clean.
5 verbose stack M  example/build.css
5 verbose stack M  example/dist/build.css
5 verbose stack M  lib/index.css
5 verbose stack M  package.json
5 verbose stack M  src/table.css
5 verbose stack     at /usr/local/lib/node_modules/npm/lib/version.js:247:19
5 verbose stack     at /usr/local/lib/node_modules/npm/lib/utils/no-progress-while-running.js:21:8
5 verbose stack     at ChildProcess.exithandler (child_process.js:204:7)
5 verbose stack     at emitTwo (events.js:87:13)
5 verbose stack     at ChildProcess.emit (events.js:172:7)
5 verbose stack     at maybeClose (internal/child_process.js:821:16)
5 verbose stack     at Socket.<anonymous> (internal/child_process.js:319:11)
5 verbose stack     at emitOne (events.js:77:13)
5 verbose stack     at Socket.emit (events.js:169:7)
5 verbose stack     at Pipe._onclose (net.js:469:12)
6 verbose cwd /Users/yutakahoulette/commitchange/commons.css
7 error Darwin 15.4.0
8 error argv "/usr/local/bin/node" "/usr/local/bin/npm" "version" "patch" "-m" "Update table"
9 error node v5.4.1
10 error npm  v3.10.5
11 error Git working directory not clean.
11 error M  example/build.css
11 error M  example/dist/build.css
11 error M  lib/index.css
11 error M  package.json
11 error M  src/table.css
12 error If you need help, you may report this error at:
12 error     <https://github.com/npm/npm/issues>
13 verbose exit [ 1, true ]
